<?xml version="1.0" encoding="UTF-8"?>
<!-- Generated by org.testng.reporters.JUnitXMLReporter -->
<testsuite ignored="0" hostname="DESKTOP-CUU290R" failures="1" tests="8" name="Default test" time="27.018" errors="0" timestamp="19 Jun 2021 04:36:33 GMT">
  <testcase classname="com.facebook.Tests.FlipkartLoginTest" name="validateForgotLink" time="0.292"/>
  <testcase classname="com.facebook.Tests.FlipkartLoginTest" name="validateLoginHeader" time="0.044"/>
  <testcase classname="com.facebook.Tests.FlipkartLoginTest" name="validateRequestOTPLink" time="0.061"/>
  <testcase classname="com.facebook.Tests.FlipkartLoginTest" name="validateTermsPoliciesLink" time="0.049">
    <failure type="java.lang.AssertionError">
      <![CDATA[java.lang.AssertionError
at org.junit.Assert.fail(Assert.java:87)
at org.junit.Assert.fail(Assert.java:96)
at com.facebook.Tests.FlipkartLoginTest.validateTermsPoliciesLink(FlipkartLoginTest.java:86)
at java.base/jdk.internal.reflect.NativeMethodAccessorImpl.invoke0(Native Method)
at java.base/jdk.internal.reflect.NativeMethodAccessorImpl.invoke(NativeMethodAccessorImpl.java:78)
at java.base/jdk.internal.reflect.DelegatingMethodAccessorImpl.invoke(DelegatingMethodAccessorImpl.java:43)
at java.base/java.lang.reflect.Method.invoke(Method.java:567)
at org.testng.internal.MethodInvocationHelper.invokeMethod(MethodInvocationHelper.java:124)
at org.testng.internal.Invoker.invokeMethod(Invoker.java:583)
at org.testng.internal.Invoker.invokeTestMethod(Invoker.java:719)
at org.testng.internal.Invoker.invokeTestMethods(Invoker.java:989)
at org.testng.internal.TestMethodWorker.invokeTestMethods(TestMethodWorker.java:125)
at org.testng.internal.TestMethodWorker.run(TestMethodWorker.java:109)
at org.testng.TestRunner.privateRun(TestRunner.java:648)
at org.testng.TestRunner.run(TestRunner.java:505)
at org.testng.SuiteRunner.runTest(SuiteRunner.java:455)
at org.testng.SuiteRunner.runSequentially(SuiteRunner.java:450)
at org.testng.SuiteRunner.privateRun(SuiteRunner.java:415)
at org.testng.SuiteRunner.run(SuiteRunner.java:364)
at org.testng.SuiteRunnerWorker.runSuite(SuiteRunnerWorker.java:52)
at org.testng.SuiteRunnerWorker.run(SuiteRunnerWorker.java:84)
at org.testng.TestNG.runSuitesSequentially(TestNG.java:1208)
at org.testng.TestNG.runSuitesLocally(TestNG.java:1137)
at org.testng.TestNG.runSuites(TestNG.java:1049)
at org.testng.TestNG.run(TestNG.java:1017)
at org.testng.remote.AbstractRemoteTestNG.run(AbstractRemoteTestNG.java:115)
at org.testng.remote.RemoteTestNG.initAndRun(RemoteTestNG.java:251)
at org.testng.remote.RemoteTestNG.main(RemoteTestNG.java:77)
]]>
    </failure>
  </testcase> <!-- validateTermsPoliciesLink -->
  <testcase classname="com.facebook.Tests.FlipkartLoginTest" name="validateUserFieldonLoginPage" time="1.367"/>
  <testcase classname="com.facebook.Tests.FlipkartLoginTest" name="validateCreateAccountLink" time="0.233"/>
  <testcase classname="com.facebook.Tests.FlipkartLoginTest" name="validatePasswordFieldonLoginPage" time="0.235"/>
  <testcase classname="com.facebook.Tests.FlipkartLoginTest" name="validateLoginButtonClickAction" time="0.148"/>
</testsuite> <!-- Default test -->
